<?xml version="1.0" encoding="UTF-8"?>
<testsuite xmlns:xsi="http://www.w3.org/2001/XMLSchema-instance" xsi:noNamespaceSchemaLocation="https://maven.apache.org/surefire/maven-surefire-plugin/xsd/surefire-test-report-3.0.xsd" version="3.0" name="stepdefs.TestRunner" time="28.089" tests="2" errors="0" skipped="0" failures="0">
  <properties>
[...]
</properties>
  <testcase name="Validate Login success scenario" classname="This feature will be used to login into Simplilearn Website" time="16.198">
    <system-out><![CDATA[
@Sanity
Scenario: Validate Login success scenario   # src/test/java/features/Login.feature:8
  Given I have launched the application URL # stepdefs.LoginStepDefs.i_have_launched_the_application_URL()
  And I click on the Login link             # stepdefs.LoginStepDefs.i_click_on_the_Login_link()
  When I enter the username                 # stepdefs.LoginStepDefs.i_enter_the_username()
  And I enter the password                  # stepdefs.LoginStepDefs.i_enter_the_password()
  And I click on the login button           # stepdefs.LoginStepDefs.i_click_on_the_login_button()
  Then I should land on the home page       # stepdefs.LoginStepDefs.i_should_land_on_the_home_page()
]]></system-out>
    <system-err><![CDATA[Dec 10, 2023 7:41:13 PM io.cucumber.junit.Cucumber <init>
WARNING: By default Cucumber is running in --non-strict mode.
This default will change to --strict and --non-strict will be removed.
You can use --strict or @CucumberOptions(strict = true) to suppress this warning
SLF4J: No SLF4J providers were found.
SLF4J: Defaulting to no-operation (NOP) logger implementation
SLF4J: See https://www.slf4j.org/codes.html#noProviders for further details.
Starting ChromeDriver 120.0.6099.71 (9729082fe6174c0a371fc66501f5efc5d69d3d2b-refs/branch-heads/6099_56@{#13}) on port 9246
Only local connections are allowed.
Please see https://chromedriver.chromium.org/security-considerations for suggestions on keeping ChromeDriver safe.
ChromeDriver was started successfully.
Dec 10, 2023 7:41:17 PM org.openqa.selenium.remote.ProtocolHandshake createSession
INFO: Detected dialect: W3C
]]></system-err>
  </testcase>
  <testcase name="Validate the other login options on the screen" classname="This feature will be used to login into Simplilearn Website" time="11.627">
    <system-out><![CDATA[
@Sanity
Scenario: Validate the other login options on the screen # src/test/java/features/Login.feature:32
  Given I have launched the application URL              # stepdefs.LoginStepDefs.i_have_launched_the_application_URL()
  And I click on the Login link                          # stepdefs.LoginStepDefs.i_click_on_the_Login_link()
  Then I should see below login options on the screen    # stepdefs.LoginStepDefs.i_should_see_below_login_options_on_the_screen(java.util.List<java.lang.String>)
]]></system-out>
    <system-err><![CDATA[Starting ChromeDriver 120.0.6099.71 (9729082fe6174c0a371fc66501f5efc5d69d3d2b-refs/branch-heads/6099_56@{#13}) on port 8108
Only local connections are allowed.
Please see https://chromedriver.chromium.org/security-considerations for suggestions on keeping ChromeDriver safe.
ChromeDriver was started successfully.
Dec 10, 2023 7:41:31 PM org.openqa.selenium.remote.ProtocolHandshake createSession
INFO: Detected dialect: W3C
]]></system-err>
  </testcase>
</testsuite>